[debug] [2026-03-10T19:17:56.364Z] ----------------------------------------------------------------------
[debug] [2026-03-10T19:17:56.365Z] Command:       /opt/homebrew/Cellar/node/25.8.0/bin/node /opt/homebrew/bin/firebase deploy --only hosting
[debug] [2026-03-10T19:17:56.365Z] CLI Version:   15.9.0
[debug] [2026-03-10T19:17:56.365Z] Platform:      darwin
[debug] [2026-03-10T19:17:56.365Z] Node Version:  v25.8.0
[debug] [2026-03-10T19:17:56.365Z] Time:          Tue Mar 10 2026 16:17:56 GMT-0300 (Brasilia Standard Time)
[debug] [2026-03-10T19:17:56.365Z] ----------------------------------------------------------------------
[debug] 
[debug] [2026-03-10T19:17:56.979Z] > command requires scopes: ["email","openid","https://www.googleapis.com/auth/cloudplatformprojects.readonly","https://www.googleapis.com/auth/firebase","https://www.googleapis.com/auth/cloud-platform"]
[debug] [2026-03-10T19:17:56.979Z] > authorizing via signed-in user (marciogcostajp@gmail.com)
[debug] [2026-03-10T19:17:56.979Z] [iam] checking project finansys-567c9 for permissions ["firebase.projects.get","firebasehosting.sites.update"]
[debug] [2026-03-10T19:17:56.979Z] Checked if tokens are valid: true, expires at: 1773171178804
[debug] [2026-03-10T19:17:56.979Z] Checked if tokens are valid: true, expires at: 1773171178804
[debug] [2026-03-10T19:17:56.979Z] >>> [apiv2][query] POST https://cloudresourcemanager.googleapis.com/v1/projects/finansys-567c9:testIamPermissions [none]
[debug] [2026-03-10T19:17:56.979Z] >>> [apiv2][(partial)header] POST https://cloudresourcemanager.googleapis.com/v1/projects/finansys-567c9:testIamPermissions  x-goog-user-project=finansys-567c9
[debug] [2026-03-10T19:17:56.979Z] >>> [apiv2][body] POST https://cloudresourcemanager.googleapis.com/v1/projects/finansys-567c9:testIamPermissions {"permissions":["firebase.projects.get","firebasehosting.sites.update"]}
[debug] [2026-03-10T19:17:58.074Z] <<< [apiv2][status] POST https://cloudresourcemanager.googleapis.com/v1/projects/finansys-567c9:testIamPermissions 200
[debug] [2026-03-10T19:17:58.075Z] <<< [apiv2][body] POST https://cloudresourcemanager.googleapis.com/v1/projects/finansys-567c9:testIamPermissions {"permissions":["firebase.projects.get","firebasehosting.sites.update"]}
[debug] [2026-03-10T19:17:58.075Z] Checked if tokens are valid: true, expires at: 1773171178804
[debug] [2026-03-10T19:17:58.075Z] Checked if tokens are valid: true, expires at: 1773171178804
[debug] [2026-03-10T19:17:58.076Z] >>> [apiv2][query] GET https://firebase.googleapis.com/v1beta1/projects/finansys-567c9 [none]
[debug] [2026-03-10T19:17:58.646Z] <<< [apiv2][status] GET https://firebase.googleapis.com/v1beta1/projects/finansys-567c9 200
[debug] [2026-03-10T19:17:58.646Z] <<< [apiv2][body] GET https://firebase.googleapis.com/v1beta1/projects/finansys-567c9 {"projectId":"finansys-567c9","projectNumber":"186429936963","displayName":"finansys","name":"projects/finansys-567c9","resources":{"hostingSite":"finansys-567c9"},"state":"ACTIVE","etag":"1_8c6af58a-20f3-4a9e-a4eb-df227b713738"}
[info] 
[info] === Deploying to 'finansys-567c9'...
[info] 
[info] i  deploying hosting 
[debug] [2026-03-10T19:17:58.650Z] Checked if tokens are valid: true, expires at: 1773171178804
[debug] [2026-03-10T19:17:58.650Z] Checked if tokens are valid: true, expires at: 1773171178804
[debug] [2026-03-10T19:17:58.650Z] >>> [apiv2][query] POST https://firebasehosting.googleapis.com/v1beta1/projects/-/sites/finansys-567c9/versions [none]
[debug] [2026-03-10T19:17:58.651Z] >>> [apiv2][body] POST https://firebasehosting.googleapis.com/v1beta1/projects/-/sites/finansys-567c9/versions {"status":"CREATED","labels":{"deployment-tool":"cli-firebase"}}
[debug] [2026-03-10T19:18:00.485Z] <<< [apiv2][status] POST https://firebasehosting.googleapis.com/v1beta1/projects/-/sites/finansys-567c9/versions 200
[debug] [2026-03-10T19:18:00.485Z] <<< [apiv2][body] POST https://firebasehosting.googleapis.com/v1beta1/projects/-/sites/finansys-567c9/versions {"name":"projects/186429936963/sites/finansys-567c9/versions/293dc4292f12714c","status":"CREATED","config":{},"labels":{"deployment-tool":"cli-firebase"}}
[info] i  hosting[finansys-567c9]: beginning deploy... 
[info] i  hosting[finansys-567c9]: found 12 files in dist/finansys-webapp/browser 
[debug] [2026-03-10T19:18:00.492Z] [hosting] uploading with 200 concurrency
[debug] [2026-03-10T19:18:00.550Z] Checked if tokens are valid: false, expires at: 1773171178804
[debug] [2026-03-10T19:18:00.550Z] Checked if tokens are valid: false, expires at: 1773171178804
[debug] [2026-03-10T19:18:00.550Z] > refreshing access token with scopes: []
[debug] [2026-03-10T19:18:00.551Z] >>> [apiv2][query] POST https://www.googleapis.com/oauth2/v3/token [none]
[debug] [2026-03-10T19:18:00.551Z] >>> [apiv2][body] POST https://www.googleapis.com/oauth2/v3/token [omitted]
[debug] [2026-03-10T19:18:00.552Z] [hosting] hash cache [ZGlzdC9maW5hbnN5cy13ZWJhcHAvYnJvd3Nlcg] stored for 12 files
[debug] [2026-03-10T19:18:00.552Z] [hosting][hash queue][FINAL] {"max":56,"min":1,"avg":14.583333333333334,"active":0,"complete":12,"success":12,"errored":0,"retried":0,"total":12,"elapsed":59}
[debug] [2026-03-10T19:18:00.852Z] <<< [apiv2][status] POST https://www.googleapis.com/oauth2/v3/token 200
[debug] [2026-03-10T19:18:00.852Z] <<< [apiv2][body] POST https://www.googleapis.com/oauth2/v3/token [omitted]
[debug] [2026-03-10T19:18:00.861Z] >>> [apiv2][query] POST https://firebasehosting.googleapis.com/v1beta1/projects/186429936963/sites/finansys-567c9/versions/293dc4292f12714c:populateFiles [none]
[debug] [2026-03-10T19:18:00.861Z] >>> [apiv2][body] POST https://firebasehosting.googleapis.com/v1beta1/projects/186429936963/sites/finansys-567c9/versions/293dc4292f12714c:populateFiles {"files":{"/favicon.ico":"006bf6beeef1e9c7926f2185701668183959d6c02959b86a521d13fea16fed31","/index.html":"47848e46f100eae4b090564e2a07447ff3b959958ae77e05e8593f25076e051e","/polyfills-5CFQRCPP.js":"ff12d5962f212ea41d33f336969ac07806bf59976d72b7cfe9366811199d99b2","/chunk-G4TPDL4I.js":"06e193522e3fb4dbf17d26469c547983305160840f4677a238efe607b6a083a5","/media/primeicons-4GST5W3O.woff2":"f94c2c2d28970c843bc32afbca33d6f8f11c228b5e0401c62a28477a53e7627d","/media/primeicons-P53SE5CV.woff":"9315e502d604ff0ee542958d7f9489dff5cc4b4ff7136e7145adf56d743ccfb7","/media/primeicons-RSSEDYLY.eot":"8d586802b12b96f8b73ced81cbc50c5f99ce083b77bd8364c5024cdd9d614abb","/media/primeicons-GEFHGEHP.ttf":"f674bfd4ad75b9bd2a7f08b37fa049efaecbe75422d0949b323c37d60612a763","/chunk-AQMCTOWT.js":"81cb8d3dba78ef9f8c80c22d8cac210b06ca8b9f7265da75acf32c41c9090f37","/styles-IOTZ5YAR.css":"09eefbaa3bd9114b174d4f139b7e6b443a3790546aada8be4d6dfba5368832de","/media/primeicons-DHQU4SEP.svg":"3d9a3bbf8e785e6e90c0d4be839f5493ba2f1c98b4629a4b4e58984c93fe6337","/main-P7TGWOVS.js":"b179ec8336597c722e57e92263234edae354f203e48596d8d1af9a6868e085fc"}}
[debug] [2026-03-10T19:18:01.389Z] <<< [apiv2][status] POST https://firebasehosting.googleapis.com/v1beta1/projects/186429936963/sites/finansys-567c9/versions/293dc4292f12714c:populateFiles 200
[debug] [2026-03-10T19:18:01.389Z] <<< [apiv2][body] POST https://firebasehosting.googleapis.com/v1beta1/projects/186429936963/sites/finansys-567c9/versions/293dc4292f12714c:populateFiles {"uploadRequiredHashes":["47848e46f100eae4b090564e2a07447ff3b959958ae77e05e8593f25076e051e","b179ec8336597c722e57e92263234edae354f203e48596d8d1af9a6868e085fc"],"uploadUrl":"https://upload-firebasehosting.googleapis.com/upload/sites/finansys-567c9/versions/293dc4292f12714c/files"}
[debug] [2026-03-10T19:18:01.389Z] Checked if tokens are valid: true, expires at: 1773173879852
[debug] [2026-03-10T19:18:01.389Z] Checked if tokens are valid: true, expires at: 1773173879852
[debug] [2026-03-10T19:18:01.389Z] Checked if tokens are valid: true, expires at: 1773173879852
[debug] [2026-03-10T19:18:01.390Z] Checked if tokens are valid: true, expires at: 1773173879852
[debug] [2026-03-10T19:18:01.390Z] >>> [apiv2][query] POST https://upload-firebasehosting.googleapis.com/upload/sites/finansys-567c9/versions/293dc4292f12714c/files/47848e46f100eae4b090564e2a07447ff3b959958ae77e05e8593f25076e051e [none]
[debug] [2026-03-10T19:18:01.390Z] >>> [apiv2][body] POST https://upload-firebasehosting.googleapis.com/upload/sites/finansys-567c9/versions/293dc4292f12714c/files/47848e46f100eae4b090564e2a07447ff3b959958ae77e05e8593f25076e051e [stream]
[debug] [2026-03-10T19:18:01.390Z] >>> [apiv2][query] POST https://upload-firebasehosting.googleapis.com/upload/sites/finansys-567c9/versions/293dc4292f12714c/files/b179ec8336597c722e57e92263234edae354f203e48596d8d1af9a6868e085fc [none]
[debug] [2026-03-10T19:18:01.391Z] >>> [apiv2][body] POST https://upload-firebasehosting.googleapis.com/upload/sites/finansys-567c9/versions/293dc4292f12714c/files/b179ec8336597c722e57e92263234edae354f203e48596d8d1af9a6868e085fc [stream]
[debug] [2026-03-10T19:18:01.391Z] [hosting][populate queue][FINAL] {"max":840,"min":840,"avg":840,"active":0,"complete":1,"success":1,"errored":0,"retried":0,"total":1,"elapsed":841}
[debug] [2026-03-10T19:18:01.391Z] [hosting] uploads queued: 2
[debug] [2026-03-10T19:18:03.222Z] <<< [apiv2][status] POST https://upload-firebasehosting.googleapis.com/upload/sites/finansys-567c9/versions/293dc4292f12714c/files/47848e46f100eae4b090564e2a07447ff3b959958ae77e05e8593f25076e051e 200
[debug] [2026-03-10T19:18:03.222Z] <<< [apiv2][body] POST https://upload-firebasehosting.googleapis.com/upload/sites/finansys-567c9/versions/293dc4292f12714c/files/47848e46f100eae4b090564e2a07447ff3b959958ae77e05e8593f25076e051e [stream]
[debug] [2026-03-10T19:18:03.490Z] <<< [apiv2][status] POST https://upload-firebasehosting.googleapis.com/upload/sites/finansys-567c9/versions/293dc4292f12714c/files/b179ec8336597c722e57e92263234edae354f203e48596d8d1af9a6868e085fc 200
[debug] [2026-03-10T19:18:03.491Z] <<< [apiv2][body] POST https://upload-firebasehosting.googleapis.com/upload/sites/finansys-567c9/versions/293dc4292f12714c/files/b179ec8336597c722e57e92263234edae354f203e48596d8d1af9a6868e085fc [stream]
[debug] [2026-03-10T19:18:03.491Z] [hosting][upload queue][FINAL] {"max":2102,"min":1833,"avg":1967.5,"active":0,"complete":2,"success":2,"errored":0,"retried":0,"total":2,"elapsed":2102}
[info] ✔  hosting[finansys-567c9]: file upload complete 
[debug] [2026-03-10T19:18:03.492Z] [hosting] deploy completed after 3005ms
[debug] [2026-03-10T19:18:03.492Z] [
  {
    "config": {
      "public": "dist/finansys-webapp/browser",
      "ignore": [
        "firebase.json",
        "**/.*",
        "**/node_modules/**"
      ],
      "rewrites": [
        {
          "source": "**",
          "destination": "/index.html"
        }
      ],
      "site": "finansys-567c9"
    },
    "version": "projects/186429936963/sites/finansys-567c9/versions/293dc4292f12714c"
  }
]
[info] i  hosting[finansys-567c9]: finalizing version... 
[debug] [2026-03-10T19:18:03.493Z] Checked if tokens are valid: true, expires at: 1773173879852
[debug] [2026-03-10T19:18:03.493Z] Checked if tokens are valid: true, expires at: 1773173879852
[debug] [2026-03-10T19:18:03.494Z] >>> [apiv2][query] PATCH https://firebasehosting.googleapis.com/v1beta1/projects/-/sites/finansys-567c9/versions/293dc4292f12714c updateMask=status%2Cconfig
[debug] [2026-03-10T19:18:03.494Z] >>> [apiv2][body] PATCH https://firebasehosting.googleapis.com/v1beta1/projects/-/sites/finansys-567c9/versions/293dc4292f12714c {"status":"FINALIZED","config":{"rewrites":[{"glob":"**","path":"/index.html"}]}}
